0 info it worked if it ends with ok
1 verbose cli [ '/usr/bin/node', '/usr/bin/npm', 'adduser' ]
2 info using npm@3.5.2
3 info using node@v8.10.0
4 verbose adduser before first PUT { _id: 'org.couchdb.user:richardswan',
4 verbose adduser   name: 'richardswan',
4 verbose adduser   password: 'XXXXX',
4 verbose adduser   email: 'richard.swan@gmail.com',
4 verbose adduser   type: 'user',
4 verbose adduser   roles: [],
4 verbose adduser   date: '2019-05-09T19:32:57.953Z' }
5 verbose request uri https://registry.npmjs.org/-/user/org.couchdb.user:richardswan
6 verbose request new user, so can't send auth
7 info attempt registry request try #1 at 20:32:57
8 verbose request id 947e9eb106c0e969
9 http request PUT https://registry.npmjs.org/-/user/org.couchdb.user:richardswan
10 http 400 https://registry.npmjs.org/-/user/org.couchdb.user:richardswan
11 verbose headers { date: 'Thu, 09 May 2019 19:32:58 GMT',
11 verbose headers   'content-type': 'application/json',
11 verbose headers   'content-length': '62',
11 verbose headers   connection: 'keep-alive',
11 verbose headers   'set-cookie':
11 verbose headers    [ '__cfduid=df148b5c37427c10ce068683fbfd8680f1557430378; expires=Fri, 08-May-20 19:32:58 GMT; path=/; domain=.registry.npmjs.org; HttpOnly' ],
11 verbose headers   'cf-ray': '4d461a36dee0bb9a-LHR',
11 verbose headers   'expect-ct': 'max-age=604800, report-uri="https://report-uri.cloudflare.com/cdn-cgi/beacon/expect-ct"',
11 verbose headers   vary: 'Accept-Encoding',
11 verbose headers   server: 'cloudflare' }
12 verbose request invalidating /home/richard/.npm/registry.npmjs.org/-/user/org.couchdb.user_3Arichardswan on PUT
13 verbose adduser back [ { Error: That email has already been registered. : -/user/org.couchdb.user:richardswan
13 verbose adduser     at makeError (/usr/share/npm/node_modules/npm-registry-client/lib/request.js:264:12)
13 verbose adduser     at CachingRegistryClient.<anonymous> (/usr/share/npm/node_modules/npm-registry-client/lib/request.js:252:14)
13 verbose adduser     at Request._callback (/usr/share/npm/node_modules/npm-registry-client/lib/request.js:172:14)
13 verbose adduser     at Request.self.callback (/usr/share/npm/node_modules/request/request.js:198:22)
13 verbose adduser     at emitTwo (events.js:126:13)
13 verbose adduser     at Request.emit (events.js:214:7)
13 verbose adduser     at Request.<anonymous> (/usr/share/npm/node_modules/request/request.js:1082:10)
13 verbose adduser     at emitOne (events.js:121:20)
13 verbose adduser     at Request.emit (events.js:211:7)
13 verbose adduser     at IncomingMessage.<anonymous> (/usr/share/npm/node_modules/request/request.js:1009:12) statusCode: 400, code: 'E400' },
13 verbose adduser   { ok: false, error: 'That email has already been registered.' },
13 verbose adduser   '{"ok":false,"error":"That email has already been registered."}' ]
14 verbose stack Error: That email has already been registered. : -/user/org.couchdb.user:richardswan
14 verbose stack     at makeError (/usr/share/npm/node_modules/npm-registry-client/lib/request.js:264:12)
14 verbose stack     at CachingRegistryClient.<anonymous> (/usr/share/npm/node_modules/npm-registry-client/lib/request.js:252:14)
14 verbose stack     at Request._callback (/usr/share/npm/node_modules/npm-registry-client/lib/request.js:172:14)
14 verbose stack     at Request.self.callback (/usr/share/npm/node_modules/request/request.js:198:22)
14 verbose stack     at emitTwo (events.js:126:13)
14 verbose stack     at Request.emit (events.js:214:7)
14 verbose stack     at Request.<anonymous> (/usr/share/npm/node_modules/request/request.js:1082:10)
14 verbose stack     at emitOne (events.js:121:20)
14 verbose stack     at Request.emit (events.js:211:7)
14 verbose stack     at IncomingMessage.<anonymous> (/usr/share/npm/node_modules/request/request.js:1009:12)
15 verbose statusCode 400
16 verbose cwd /home/richard/env/fakeapi
17 error Linux 4.15.0-47-generic
18 error argv "/usr/bin/node" "/usr/bin/npm" "adduser"
19 error node v8.10.0
20 error npm  v3.5.2
21 error code E400
22 error That email has already been registered. : -/user/org.couchdb.user:richardswan
23 error If you need help, you may report this error at:
23 error     <https://github.com/npm/npm/issues>
24 verbose exit [ 1, true ]
